2019-05-21 22:29:39,888  INFO ExcelExporterImpl: 
------START EXPORTING QUERY------
2019-05-21 22:29:41,169 ERROR ExcelExporterImpl: 
Process Report Exception: 
java.sql.SQLRecoverableException: IO Error: The Network Adapter could not establish the connection
	at oracle.jdbc.driver.T4CConnection.logon(T4CConnection.java:743)
	at oracle.jdbc.driver.PhysicalConnection.connect(PhysicalConnection.java:666)
	at oracle.jdbc.driver.T4CDriverExtension.getConnection(T4CDriverExtension.java:32)
	at oracle.jdbc.driver.OracleDriver.connect(OracleDriver.java:566)
	at oracle.jdbc.pool.OracleDataSource.getPhysicalConnection(OracleDataSource.java:317)
	at oracle.jdbc.pool.OracleDataSource.getConnection(OracleDataSource.java:241)
	at oracle.jdbc.pool.OracleDataSource.getConnection(OracleDataSource.java:184)
	at com.personal.queryexporter.core.impl.ExcelExporterImpl.processReport(ExcelExporterImpl.java:48)
	at com.personal.queryexporter.QueryExporterApplication.run(QueryExporterApplication.java:81)
	at com.personal.queryexporter.QueryExporterApplication.main(QueryExporterApplication.java:29)
Caused by: oracle.net.ns.NetException: The Network Adapter could not establish the connection
	at oracle.net.nt.ConnStrategy.execute(ConnStrategy.java:470)
	at oracle.net.resolver.AddrResolution.resolveAndExecute(AddrResolution.java:506)
	at oracle.net.ns.NSProtocol.establishConnection(NSProtocol.java:595)
	at oracle.net.ns.NSProtocol.connect(NSProtocol.java:230)
	at oracle.jdbc.driver.T4CConnection.connect(T4CConnection.java:1452)
	at oracle.jdbc.driver.T4CConnection.logon(T4CConnection.java:496)
	... 9 more
Caused by: java.net.ConnectException: Connection refused: connect
	at java.net.DualStackPlainSocketImpl.waitForConnect(Native Method)
	at java.net.DualStackPlainSocketImpl.socketConnect(DualStackPlainSocketImpl.java:85)
	at java.net.AbstractPlainSocketImpl.doConnect(AbstractPlainSocketImpl.java:350)
	at java.net.AbstractPlainSocketImpl.connectToAddress(AbstractPlainSocketImpl.java:206)
	at java.net.AbstractPlainSocketImpl.connect(AbstractPlainSocketImpl.java:188)
	at java.net.PlainSocketImpl.connect(PlainSocketImpl.java:172)
	at java.net.SocksSocketImpl.connect(SocksSocketImpl.java:392)
	at java.net.Socket.connect(Socket.java:589)
	at oracle.net.nt.TcpNTAdapter.connect(TcpNTAdapter.java:161)
	at oracle.net.nt.ConnOption.connect(ConnOption.java:159)
	at oracle.net.nt.ConnStrategy.execute(ConnStrategy.java:428)
	... 14 more
2019-05-21 22:29:41,169  INFO ExcelExporterImpl: 
------START EXPORTING QUERY------
2019-05-21 22:29:41,169  INFO ExcelExporterImpl: 
------START EXPORTING QUERY------
2019-05-21 22:29:42,497 ERROR ExcelExporterImpl: 
Process Report Exception: 
java.sql.SQLRecoverableException: IO Error: The Network Adapter could not establish the connection
	at oracle.jdbc.driver.T4CConnection.logon(T4CConnection.java:743)
	at oracle.jdbc.driver.PhysicalConnection.connect(PhysicalConnection.java:666)
	at oracle.jdbc.driver.T4CDriverExtension.getConnection(T4CDriverExtension.java:32)
	at oracle.jdbc.driver.OracleDriver.connect(OracleDriver.java:566)
	at oracle.jdbc.pool.OracleDataSource.getPhysicalConnection(OracleDataSource.java:317)
	at oracle.jdbc.pool.OracleDataSource.getConnection(OracleDataSource.java:241)
	at oracle.jdbc.pool.OracleDataSource.getConnection(OracleDataSource.java:184)
	at com.personal.queryexporter.core.impl.ExcelExporterImpl.processReport(ExcelExporterImpl.java:48)
	at com.personal.queryexporter.QueryExporterApplication.run(QueryExporterApplication.java:81)
	at com.personal.queryexporter.QueryExporterApplication.main(QueryExporterApplication.java:29)
Caused by: oracle.net.ns.NetException: The Network Adapter could not establish the connection
	at oracle.net.nt.ConnStrategy.execute(ConnStrategy.java:470)
	at oracle.net.resolver.AddrResolution.resolveAndExecute(AddrResolution.java:506)
	at oracle.net.ns.NSProtocol.establishConnection(NSProtocol.java:595)
	at oracle.net.ns.NSProtocol.connect(NSProtocol.java:230)
	at oracle.jdbc.driver.T4CConnection.connect(T4CConnection.java:1452)
	at oracle.jdbc.driver.T4CConnection.logon(T4CConnection.java:496)
	... 9 more
Caused by: java.net.ConnectException: Connection refused: connect
	at java.net.DualStackPlainSocketImpl.waitForConnect(Native Method)
	at java.net.DualStackPlainSocketImpl.socketConnect(DualStackPlainSocketImpl.java:85)
	at java.net.AbstractPlainSocketImpl.doConnect(AbstractPlainSocketImpl.java:350)
	at java.net.AbstractPlainSocketImpl.connectToAddress(AbstractPlainSocketImpl.java:206)
	at java.net.AbstractPlainSocketImpl.connect(AbstractPlainSocketImpl.java:188)
	at java.net.PlainSocketImpl.connect(PlainSocketImpl.java:172)
	at java.net.SocksSocketImpl.connect(SocksSocketImpl.java:392)
	at java.net.Socket.connect(Socket.java:589)
	at oracle.net.nt.TcpNTAdapter.connect(TcpNTAdapter.java:161)
	at oracle.net.nt.ConnOption.connect(ConnOption.java:159)
	at oracle.net.nt.ConnStrategy.execute(ConnStrategy.java:428)
	... 14 more
2019-05-21 22:29:42,497  INFO ExcelExporterImpl: 
------START EXPORTING QUERY------
2019-05-21 22:29:42,497  INFO ExcelExporterImpl: 
------START EXPORTING QUERY------
2019-05-21 22:29:43,778 ERROR ExcelExporterImpl: 
Process Report Exception: 
java.sql.SQLRecoverableException: IO Error: The Network Adapter could not establish the connection
	at oracle.jdbc.driver.T4CConnection.logon(T4CConnection.java:743)
	at oracle.jdbc.driver.PhysicalConnection.connect(PhysicalConnection.java:666)
	at oracle.jdbc.driver.T4CDriverExtension.getConnection(T4CDriverExtension.java:32)
	at oracle.jdbc.driver.OracleDriver.connect(OracleDriver.java:566)
	at oracle.jdbc.pool.OracleDataSource.getPhysicalConnection(OracleDataSource.java:317)
	at oracle.jdbc.pool.OracleDataSource.getConnection(OracleDataSource.java:241)
	at oracle.jdbc.pool.OracleDataSource.getConnection(OracleDataSource.java:184)
	at com.personal.queryexporter.core.impl.ExcelExporterImpl.processReport(ExcelExporterImpl.java:48)
	at com.personal.queryexporter.QueryExporterApplication.run(QueryExporterApplication.java:81)
	at com.personal.queryexporter.QueryExporterApplication.main(QueryExporterApplication.java:29)
Caused by: oracle.net.ns.NetException: The Network Adapter could not establish the connection
	at oracle.net.nt.ConnStrategy.execute(ConnStrategy.java:470)
	at oracle.net.resolver.AddrResolution.resolveAndExecute(AddrResolution.java:506)
	at oracle.net.ns.NSProtocol.establishConnection(NSProtocol.java:595)
	at oracle.net.ns.NSProtocol.connect(NSProtocol.java:230)
	at oracle.jdbc.driver.T4CConnection.connect(T4CConnection.java:1452)
	at oracle.jdbc.driver.T4CConnection.logon(T4CConnection.java:496)
	... 9 more
Caused by: java.net.ConnectException: Connection refused: connect
	at java.net.DualStackPlainSocketImpl.waitForConnect(Native Method)
	at java.net.DualStackPlainSocketImpl.socketConnect(DualStackPlainSocketImpl.java:85)
	at java.net.AbstractPlainSocketImpl.doConnect(AbstractPlainSocketImpl.java:350)
	at java.net.AbstractPlainSocketImpl.connectToAddress(AbstractPlainSocketImpl.java:206)
	at java.net.AbstractPlainSocketImpl.connect(AbstractPlainSocketImpl.java:188)
	at java.net.PlainSocketImpl.connect(PlainSocketImpl.java:172)
	at java.net.SocksSocketImpl.connect(SocksSocketImpl.java:392)
	at java.net.Socket.connect(Socket.java:589)
	at oracle.net.nt.TcpNTAdapter.connect(TcpNTAdapter.java:161)
	at oracle.net.nt.ConnOption.connect(ConnOption.java:159)
	at oracle.net.nt.ConnStrategy.execute(ConnStrategy.java:428)
	... 14 more
2019-05-21 22:29:43,778  INFO ExcelExporterImpl: 
------START EXPORTING QUERY------
